2024-09-22 17:50:16,807 :INFO : test_ete :entering the user name
2024-09-22 17:53:14,097 :INFO : test_ete :entering the user name
2024-09-22 18:16:32,693 :INFO : test_ete :entering the user name
2024-09-22 19:07:19,760 :INFO : test_ete :entering the user name
2024-09-22 21:41:28,953 :INFO : test_ete :entering the user name
2024-09-22 21:59:01,089 :INFO : test_ete :entering the user name
2024-09-22 22:11:12,594 :INFO : test_ete :entering the user name
2024-09-24 20:48:54,423 :INFO : test_ete :entering the user name
2024-09-24 20:49:53,416 :INFO : test_ete :entering the user name
2024-09-24 20:49:59,777 :INFO : test_ete :title should be displayed
2024-09-24 21:07:56,401 :INFO : test_ete :entering the user name
2024-09-24 21:08:39,966 :INFO : test_ete :entering the user name
2024-09-24 21:08:46,690 :INFO : test_ete :title should be displayed
2024-09-24 21:32:56,582 :INFO : test_ete :entering the user name
2024-09-24 21:33:03,076 :INFO : test_ete :title should be displayed
2024-09-24 21:54:37,760 :INFO : test_ete :entering the user name
2024-09-24 21:54:44,555 :INFO : test_ete :title should be displayed
2024-09-24 21:56:29,408 :INFO : test_ete :entering the user name
2024-09-24 21:56:37,998 :INFO : test_ete :title should be displayed
2024-09-24 21:58:53,832 :INFO : test_ete :entering the user name
2024-09-24 21:59:02,307 :INFO : test_ete :title should be displayed
2024-09-24 22:17:40,701 :INFO : test_ete :entering the user name
2024-09-24 22:17:47,862 :INFO : test_ete :title should be displayed
2024-09-24 22:20:35,456 :INFO : test_ete :entering the user name
2024-09-24 22:20:42,135 :INFO : test_ete :title should be displayed
2024-09-24 22:21:12,209 :INFO : test_ete :expanded
2024-09-24 22:22:02,346 :INFO : test_ete :entering the user name
2024-09-24 22:22:11,177 :INFO : test_ete :title should be displayed
2024-09-24 22:22:41,349 :INFO : test_ete :expanded
2024-09-24 22:29:11,569 :INFO : test_ete :entering the user name
2024-09-24 22:29:18,796 :INFO : test_ete :title should be displayed
2024-09-24 22:29:48,512 :INFO : test_ete :expanded
2024-09-24 22:31:24,020 :INFO : test_ete :entering the user name
2024-09-24 22:31:30,766 :INFO : test_ete :title should be displayed
2024-09-24 22:32:00,091 :INFO : test_ete :expanded
2024-09-24 22:35:26,954 :INFO : test_ete :entering the user name
2024-09-24 22:35:33,162 :INFO : test_ete :screenshot is captured
2024-09-24 22:36:51,912 :INFO : test_ete :entering the user name
2024-09-24 22:37:03,020 :INFO : test_ete :screenshot is captured
2024-09-24 22:37:04,061 :INFO : test_ete :title should be displayed
2024-09-24 22:37:33,125 :INFO : test_ete :expanded
2024-09-24 22:41:19,412 :INFO : test_ete :entering the user name
2024-09-24 22:41:24,349 :INFO : test_ete :screenshot is captured
2024-09-24 22:41:25,160 :INFO : test_ete :title should be displayed
2024-09-24 22:41:54,653 :INFO : test_ete :expanded
2024-09-26 09:12:49,555 :INFO : test_ete :entering the user name
2024-09-26 09:12:54,354 :INFO : test_ete :screenshot is captured
2024-09-26 09:12:55,825 :INFO : test_ete :title should be displayed
2024-09-26 09:13:27,698 :INFO : test_ete :expanded
2024-09-26 09:18:50,645 :INFO : test_ete :entering the user name
2024-09-26 09:18:54,917 :INFO : test_ete :screenshot is captured
2024-09-26 09:18:56,985 :INFO : test_ete :title should be displayed
2024-09-26 09:19:26,906 :INFO : test_ete :expanded
2024-10-05 09:14:22,678 :INFO : test_ete :entering the user name
2024-10-05 09:14:28,697 :INFO : test_ete :screenshot is captured
2024-10-05 09:16:31,071 :INFO : test_ete :entering the user name
2024-10-05 09:16:35,726 :INFO : test_ete :screenshot is captured
2024-10-05 09:31:05,624 :INFO : test_ete :entering the user name
2024-10-05 09:33:03,844 :INFO : test_ete :entering the user name
2024-10-05 09:35:26,437 :INFO : test_ete :entering the user name
2024-10-05 09:39:29,955 :INFO : test_ete :entering the user name
2024-10-05 09:40:38,673 :INFO : test_ete :entering the user name
2024-10-05 09:43:18,770 :INFO : test_ete :entering the user name
2024-10-05 09:44:23,644 :INFO : test_ete :entering the user name
2024-10-05 09:45:56,380 :INFO : test_ete :entering the user name
2024-10-05 09:47:38,347 :INFO : test_ete :entering the user name
2024-10-05 09:47:46,781 :INFO : test_ete :title should be displayed
2024-10-05 09:48:12,310 :INFO : test_ete :expanded
2024-10-05 09:54:00,970 :INFO : test_ete :entering the user name
2024-10-05 09:54:10,702 :INFO : test_ete :title should be displayed
2024-10-05 09:54:35,300 :INFO : test_ete :expanded
2024-10-05 09:56:23,112 :INFO : test_ete :entering the user name
2024-10-05 09:56:31,979 :INFO : test_ete :title should be displayed
2024-10-05 09:56:56,764 :INFO : test_ete :expanded
2024-10-05 09:59:53,434 :INFO : test_ete :entering the user name
2024-10-05 10:00:06,353 :INFO : test_ete :title should be displayed
2024-10-05 10:00:31,034 :INFO : test_ete :expanded
2024-10-05 10:08:36,628 :INFO : test_ete :entering the user name
2024-10-05 10:08:46,761 :INFO : test_ete :title should be displayed
2024-10-05 10:09:11,429 :INFO : test_ete :expanded
2024-11-24 17:20:46,583 :INFO : test_ete :entering the user name
2024-11-24 17:21:11,724 :INFO : test_ete :entering the user name
2024-11-24 17:21:11,724 :INFO : test_ete :entering the user name
2024-11-25 07:35:56,656 :INFO : test_ete :entering the user name
2024-11-25 07:36:46,009 :INFO : test_ete :entering the user name
2024-11-25 07:36:46,009 :INFO : test_ete :entering the user name
2024-11-25 07:45:59,094 :INFO : test_rule :entering the user name
2024-11-25 07:46:34,011 :INFO : test_ete :entering the user name
2024-11-25 07:47:24,804 :INFO : test_rule :entering the user name
